\BOOKMARK [1][-]{section.0.1}{Introduction to RTOS}{}% 1
\BOOKMARK [2][-]{subsection.0.1.1}{What is RTOS ?}{section.0.1}% 2
\BOOKMARK [2][-]{subsection.0.1.2}{Types of tasks in RTOS}{section.0.1}% 3
\BOOKMARK [1][-]{section.0.2}{What is FreeRTOS}{}% 4
\BOOKMARK [2][-]{subsection.0.2.1}{Advantage of FreeRTOS}{section.0.2}% 5
\BOOKMARK [2][-]{subsection.0.2.2}{Drawbacks/Disadvantages \(write some fancy word\)}{section.0.2}% 6
\BOOKMARK [1][-]{section.0.3}{Requirement}{}% 7
\BOOKMARK [1][-]{section.0.4}{Setting up the environment}{}% 8
\BOOKMARK [2][-]{subsection.0.4.1}{Installing the softwares}{section.0.4}% 9
\BOOKMARK [2][-]{subsection.0.4.2}{Creating a new project}{section.0.4}% 10
\BOOKMARK [1][-]{section.0.5}{Getting Started !}{}% 11
\BOOKMARK [2][-]{subsection.0.5.1}{DataTypes}{section.0.5}% 12
\BOOKMARK [2][-]{subsection.0.5.2}{Variable Names}{section.0.5}% 13
\BOOKMARK [2][-]{subsection.0.5.3}{Macros}{section.0.5}% 14
\BOOKMARK [2][-]{subsection.0.5.4}{Creating Tasks}{section.0.5}% 15
\BOOKMARK [2][-]{subsection.0.5.5}{Frequently used API's}{section.0.5}% 16
\BOOKMARK [1][-]{section.0.6}{MultiTasking}{}% 17
\BOOKMARK [2][-]{subsection.0.6.1}{Code :}{section.0.6}% 18
\BOOKMARK [2][-]{subsection.0.6.2}{Explanation}{section.0.6}% 19
\BOOKMARK [1][-]{section.0.7}{Introduction to semaphore}{}% 20
\BOOKMARK [2][-]{subsection.0.7.1}{Binary Semaphores}{section.0.7}% 21
\BOOKMARK [2][-]{subsection.0.7.2}{Mutex}{section.0.7}% 22
\BOOKMARK [2][-]{subsection.0.7.3}{Counting Semaphore}{section.0.7}% 23
\BOOKMARK [2][-]{subsection.0.7.4}{Mutex vs Binary Semaphore}{section.0.7}% 24
\BOOKMARK [1][-]{section.0.8}{Binary Semaphore}{}% 25
\BOOKMARK [2][-]{subsection.0.8.1}{Code : }{section.0.8}% 26
\BOOKMARK [2][-]{subsection.0.8.2}{Explanation}{section.0.8}% 27
\BOOKMARK [1][-]{section.0.9}{Mutex}{}% 28
\BOOKMARK [2][-]{subsection.0.9.1}{Code : }{section.0.9}% 29
\BOOKMARK [2][-]{subsection.0.9.2}{Explanation}{section.0.9}% 30
\BOOKMARK [1][-]{section.0.10}{Counting Semaphore }{}% 31
\BOOKMARK [2][-]{subsection.0.10.1}{Code : }{section.0.10}% 32
\BOOKMARK [2][-]{subsection.0.10.2}{Explanation}{section.0.10}% 33
\BOOKMARK [1][-]{section.0.11}{Task Notification}{}% 34
\BOOKMARK [2][-]{subsection.0.11.1}{Code:}{section.0.11}% 35
\BOOKMARK [2][-]{subsection.0.11.2}{Explanation}{section.0.11}% 36
\BOOKMARK [1][-]{section.0.12}{Queue}{}% 37
\BOOKMARK [2][-]{subsection.0.12.1}{Intro}{section.0.12}% 38
\BOOKMARK [2][-]{subsection.0.12.2}{Code}{section.0.12}% 39
\BOOKMARK [2][-]{subsection.0.12.3}{Explanation}{section.0.12}% 40
\BOOKMARK [1][-]{section.0.13}{Context Switching}{}% 41
\BOOKMARK [2][-]{subsection.0.13.1}{Intro}{section.0.13}% 42
\BOOKMARK [2][-]{subsection.0.13.2}{Code}{section.0.13}% 43
\BOOKMARK [2][-]{subsection.0.13.3}{Explanation}{section.0.13}% 44
\BOOKMARK [1][-]{section.0.14}{Application Based Experiments}{}% 45
\BOOKMARK [2][-]{subsection.0.14.1}{State collection}{section.0.14}% 46
\BOOKMARK [1][-]{section.0.15}{Collision Avoidance}{}% 47
\BOOKMARK [2][-]{subsection.0.15.1}{Theory and Description}{section.0.15}% 48
\BOOKMARK [2][-]{subsection.0.15.2}{Experiment}{section.0.15}% 49
\BOOKMARK [1][-]{section.0.16}{References}{}% 50
